0
[0]
0
[2 3 + dup *]
[0 [2] concat [3] concat [+] concat [dup] concat [*] concat]
[2 3 + dup *]
25
[[1 2 3] [dup *] map]
[0 0 [1] concat [2] concat [3] concat 0 cons concat 0 [dup] concat [*] concat 0 cons concat [map] concat]
[[1 2 3] [dup *] map]
[1 4 9]
[[[1 2] [3 4] [5] 0] [[dup *] map] map]
[0 0 0 [1] concat [2] concat 0 cons concat 0 [3] concat [4] concat 0 cons concat 0 [5] concat 0 cons concat [0] concat 0 cons concat 0 0 [dup] concat [*] concat 0 cons concat [map] concat 0 cons concat [map] concat]
[[[1 2] [3 4] [5] 0] [[dup *] map] map]
[[1 4] [9 16] [25] 0]
0
[0]
0
[2 3 + dup *]
[0 [*] swoncat [dup] swoncat [+] swoncat [3] swoncat [2] swoncat]
[2 3 + dup *]
25
[[1 2 3] [dup *] map]
[0 [map] swoncat 0 [*] swoncat [dup] swoncat swons 0 [3] swoncat [2] swoncat [1] swoncat swons]
[[1 2 3] [dup *] map]
[1 4 9]
[[[1 2] [3 4] [5] 0] [[dup *] map] map]
[0 [map] swoncat 0 [map] swoncat 0 [*] swoncat [dup] swoncat swons swons 0 [0] swoncat 0 [5] swoncat swons 0 [4] swoncat [3] swoncat swons 0 [2] swoncat [1] swoncat swons swons]
[[[1 2] [3 4] [5] 0] [[dup *] map] map]
[[1 4] [9 16] [25] 0]
[0 [concat] swoncat 0 [map] swoncat swons [concat] swoncat [cons] swoncat [0] swoncat [concat] swoncat 0 [map] swoncat swons [concat] swoncat [cons] swoncat [0] swoncat [concat] swoncat 0 [*] swoncat swons [concat] swoncat 0 [dup] swoncat swons [0] swoncat [0] swoncat [concat] swoncat [cons] swoncat [0] swoncat [concat] swoncat 0 [0] swoncat swons [concat] swoncat [cons] swoncat [0] swoncat [concat] swoncat 0 [5] swoncat swons [0] swoncat [concat] swoncat [cons] swoncat [0] swoncat [concat] swoncat 0 [4] swoncat swons [concat] swoncat 0 [3] swoncat swons [0] swoncat [concat] swoncat [cons] swoncat [0] swoncat [concat] swoncat 0 [2] swoncat swons [concat] swoncat 0 [1] swoncat swons [0] swoncat [0] swoncat [0] swoncat]
[0 0 0 [1] concat [2] concat 0 cons concat 0 [3] concat [4] concat 0 cons concat 0 [5] concat 0 cons concat [0] concat 0 cons concat 0 0 [dup] concat [*] concat 0 cons concat [map] concat 0 cons concat [map] concat]
[[[1 2] [3 4] [5] 0] [[dup *] map] map]
[[1 4] [9 16] [25] 0]
