
Testing the Lisp interpreter lisp in the library lsplib.joy

Lisp interpreter
		To include the Lisp library, type
			[ include  "OK"  "lsplib.lsp" ]
GO

123.456
0
"hello world"
[Peter Paul Mary]
[1 2 3 4 5]
Peter
[2 3 4 5]
[Fred Peter Paul]
1
0
0
1
0
[[2 3] 1]
22
13
0
1
0
0
[0 1 0 1 0 0 0]
[11 13]
"OK"
NIL
0
0
1
PI
314.314
NAMELIST
[Paul Mary]
PAIR
[11 22]
SECOND
22
PRIME
1
0
[a b c d e]
[c b a d e]
CONCAT
[1 2 3 4 5]
FLATTEN
[1 2 3]
MEMBER
0
1
SUM
10
LIST-TO-FLOAT
3.1415
MAP
[1 4 9 16]
[John Mary]
[0 1 0 1 0 0 0]
FILTER
[1 1 2]
[1 4 6]
[11 13]
SHUNT
[3 2 1 4 5 6 7]
REVERSE
[Robinson Jones Smith]
LIST-TO-INT
31415
ZIP
[[Peter Smith] [Paul Jones] [Mary Robinson]]
WEAVE
[Peter Smith Paul Jones Mary Robinson]
SUM-OF-PRODUCTS
321
MAP2
[1 20 300]
RECFLATTEN
[1 2 3 4 5 6]
RECSUM
21
FACT0
FACT
120
LAST0
LAST
55
exit from Lisp interpreter
